[2025-10-02 12:29:01] [INFO] Error logging system initialized
[02-Oct-2025 12:29:01 UTC] SmartApply [INFO] Error logging system initialized
[2025-10-02 12:29:01] [INFO] Database configuration loaded | Context: {"host":"localhost","database":"u110140557_ProSmart","username":"u110140557_tregOmar","environment":"production"}
[02-Oct-2025 12:29:01 UTC] SmartApply [INFO] Database configuration loaded
[2025-10-02 12:29:01] [INFO] Database connected successfully | Context: {"host":"localhost","database":"u110140557_ProSmart","username":"u110140557_tregOmar"}
[02-Oct-2025 12:29:01 UTC] SmartApply [INFO] Database connected successfully
[2025-10-02 12:33:53] [INFO] Error logging system initialized
[02-Oct-2025 12:33:53 UTC] SmartApply [INFO] Error logging system initialized
[2025-10-02 12:33:53] [INFO] Database configuration loaded | Context: {"host":"localhost","database":"u110140557_ProSmart","username":"u110140557_tregOmar","environment":"production"}
[02-Oct-2025 12:33:53 UTC] SmartApply [INFO] Database configuration loaded
[2025-10-02 12:33:53] [INFO] Database connected successfully | Context: {"host":"localhost","database":"u110140557_ProSmart","username":"u110140557_tregOmar"}
[02-Oct-2025 12:33:53 UTC] SmartApply [INFO] Database connected successfully
[2025-10-02 20:39:25] [INFO] Error logging system initialized
[02-Oct-2025 20:39:25 UTC] SmartApply [INFO] Error logging system initialized
[2025-10-02 20:49:38] [INFO] Error logging system initialized
[02-Oct-2025 20:49:38 UTC] SmartApply [INFO] Error logging system initialized
[2025-10-02 20:50:03] [INFO] Error logging system initialized
[02-Oct-2025 20:50:03 UTC] SmartApply [INFO] Error logging system initialized
[2025-10-02 20:50:31] [INFO] Error logging system initialized
[02-Oct-2025 20:50:31 UTC] SmartApply [INFO] Error logging system initialized
[2025-10-02 20:50:59] [INFO] Error logging system initialized
[02-Oct-2025 20:50:59 UTC] SmartApply [INFO] Error logging system initialized
[2025-10-02 20:51:38] [INFO] Error logging system initialized
[02-Oct-2025 20:51:38 UTC] SmartApply [INFO] Error logging system initialized
[2025-10-02 20:51:38] [INFO] Database configuration loaded | Context: {"host":"localhost","database":"u110140557_ProSmart","username":"u110140557_tregOmar","environment":"production"}
[02-Oct-2025 20:51:38 UTC] SmartApply [INFO] Database configuration loaded
[2025-10-02 20:51:38] [INFO] Database connected successfully | Context: {"host":"localhost","database":"u110140557_ProSmart","username":"u110140557_tregOmar"}
[02-Oct-2025 20:51:38 UTC] SmartApply [INFO] Database connected successfully
[2025-10-02 20:51:43] [INFO] Error logging system initialized
[02-Oct-2025 20:51:43 UTC] SmartApply [INFO] Error logging system initialized
[2025-10-02 20:51:43] [INFO] Database configuration loaded | Context: {"host":"localhost","database":"u110140557_ProSmart","username":"u110140557_tregOmar","environment":"production"}
[02-Oct-2025 20:51:43 UTC] SmartApply [INFO] Database configuration loaded
[2025-10-02 20:51:43] [INFO] Database connected successfully | Context: {"host":"localhost","database":"u110140557_ProSmart","username":"u110140557_tregOmar"}
[02-Oct-2025 20:51:43 UTC] SmartApply [INFO] Database connected successfully
[2025-10-02 20:52:06] [INFO] Error logging system initialized
[02-Oct-2025 20:52:06 UTC] SmartApply [INFO] Error logging system initialized
[2025-10-02 20:52:06] [INFO] Database configuration loaded | Context: {"host":"localhost","database":"u110140557_ProSmart","username":"u110140557_tregOmar","environment":"production"}
[02-Oct-2025 20:52:06 UTC] SmartApply [INFO] Database configuration loaded
[2025-10-02 20:52:06] [INFO] Database connected successfully | Context: {"host":"localhost","database":"u110140557_ProSmart","username":"u110140557_tregOmar"}
[02-Oct-2025 20:52:06 UTC] SmartApply [INFO] Database connected successfully
[2025-10-02 20:52:45] [INFO] Error logging system initialized
[02-Oct-2025 20:52:45 UTC] SmartApply [INFO] Error logging system initialized
[2025-10-02 20:54:07] [INFO] Error logging system initialized
[02-Oct-2025 20:54:07 UTC] SmartApply [INFO] Error logging system initialized
[2025-10-02 20:54:17] [INFO] Error logging system initialized
[02-Oct-2025 20:54:17 UTC] SmartApply [INFO] Error logging system initialized
[2025-10-02 20:55:43] [INFO] Error logging system initialized
[02-Oct-2025 20:55:43 UTC] SmartApply [INFO] Error logging system initialized
[2025-10-02 20:55:43] [INFO] Database configuration loaded | Context: {"host":"localhost","database":"u110140557_ProSmart","username":"u110140557_tregOmar","environment":"production"}
[02-Oct-2025 20:55:43 UTC] SmartApply [INFO] Database configuration loaded
[2025-10-02 20:55:43] [INFO] Database connected successfully | Context: {"host":"localhost","database":"u110140557_ProSmart","username":"u110140557_tregOmar"}
[02-Oct-2025 20:55:43 UTC] SmartApply [INFO] Database connected successfully
[2025-10-02 20:55:49] [INFO] Error logging system initialized
[02-Oct-2025 20:55:49 UTC] SmartApply [INFO] Error logging system initialized
[2025-10-02 20:55:52] [INFO] Error logging system initialized
[02-Oct-2025 20:55:52 UTC] SmartApply [INFO] Error logging system initialized
[2025-10-02 20:56:06] [INFO] Error logging system initialized
[02-Oct-2025 20:56:06 UTC] SmartApply [INFO] Error logging system initialized
[2025-10-02 20:56:12] [INFO] Error logging system initialized
[02-Oct-2025 20:56:12 UTC] SmartApply [INFO] Error logging system initialized
[2025-10-02 20:56:12] [INFO] Database configuration loaded | Context: {"host":"localhost","database":"u110140557_ProSmart","username":"u110140557_tregOmar","environment":"production"}
[02-Oct-2025 20:56:12 UTC] SmartApply [INFO] Database configuration loaded
[2025-10-02 20:56:12] [INFO] Database connected successfully | Context: {"host":"localhost","database":"u110140557_ProSmart","username":"u110140557_tregOmar"}
[02-Oct-2025 20:56:12 UTC] SmartApply [INFO] Database connected successfully
[2025-10-02 20:57:19] [INFO] Error logging system initialized
[02-Oct-2025 20:57:19 UTC] SmartApply [INFO] Error logging system initialized
[2025-10-02 21:04:34] [INFO] Error logging system initialized
[02-Oct-2025 21:04:34 UTC] SmartApply [INFO] Error logging system initialized
[2025-10-02 21:04:34] [INFO] Database configuration loaded | Context: {"host":"localhost","database":"u110140557_ProSmart","username":"u110140557_tregOmar","environment":"production"}
[02-Oct-2025 21:04:34 UTC] SmartApply [INFO] Database configuration loaded
[2025-10-02 21:04:34] [INFO] Database connected successfully | Context: {"host":"localhost","database":"u110140557_ProSmart","username":"u110140557_tregOmar"}
[02-Oct-2025 21:04:34 UTC] SmartApply [INFO] Database connected successfully
[2025-10-02 21:04:48] [INFO] Error logging system initialized
[02-Oct-2025 21:04:48 UTC] SmartApply [INFO] Error logging system initialized
[2025-10-02 21:04:48] [INFO] Database configuration loaded | Context: {"host":"localhost","database":"u110140557_ProSmart","username":"u110140557_tregOmar","environment":"production"}
[02-Oct-2025 21:04:48 UTC] SmartApply [INFO] Database configuration loaded
[2025-10-02 21:04:48] [INFO] Database connected successfully | Context: {"host":"localhost","database":"u110140557_ProSmart","username":"u110140557_tregOmar"}
[02-Oct-2025 21:04:48 UTC] SmartApply [INFO] Database connected successfully
[2025-10-02 21:07:47] [INFO] Error logging system initialized
[02-Oct-2025 21:07:47 UTC] SmartApply [INFO] Error logging system initialized
[2025-10-02 21:07:47] [INFO] Database configuration loaded | Context: {"host":"localhost","database":"u110140557_ProSmart","username":"u110140557_tregOmar","environment":"production"}
[02-Oct-2025 21:07:47 UTC] SmartApply [INFO] Database configuration loaded
[2025-10-02 21:07:47] [INFO] Database connected successfully | Context: {"host":"localhost","database":"u110140557_ProSmart","username":"u110140557_tregOmar"}
[02-Oct-2025 21:07:47 UTC] SmartApply [INFO] Database connected successfully
[2025-10-02 21:08:10] [INFO] Error logging system initialized
[02-Oct-2025 21:08:10 UTC] SmartApply [INFO] Error logging system initialized
[2025-10-02 21:08:10] [INFO] Database configuration loaded | Context: {"host":"localhost","database":"u110140557_ProSmart","username":"u110140557_tregOmar","environment":"production"}
[02-Oct-2025 21:08:10 UTC] SmartApply [INFO] Database configuration loaded
[2025-10-02 21:08:10] [INFO] Database connected successfully | Context: {"host":"localhost","database":"u110140557_ProSmart","username":"u110140557_tregOmar"}
[02-Oct-2025 21:08:10 UTC] SmartApply [INFO] Database connected successfully
[2025-10-02 21:13:07] [INFO] Error logging system initialized
[02-Oct-2025 21:13:07 UTC] SmartApply [INFO] Error logging system initialized
[2025-10-02 21:16:37] [INFO] Error logging system initialized
[02-Oct-2025 21:16:37 UTC] SmartApply [INFO] Error logging system initialized
[2025-10-02 21:16:49] [INFO] Error logging system initialized
[02-Oct-2025 21:16:49 UTC] SmartApply [INFO] Error logging system initialized
[2025-10-02 21:17:03] [INFO] Error logging system initialized
[02-Oct-2025 21:17:03 UTC] SmartApply [INFO] Error logging system initialized
[2025-10-02 21:17:08] [INFO] Error logging system initialized
[02-Oct-2025 21:17:08 UTC] SmartApply [INFO] Error logging system initialized
[2025-10-02 21:17:22] [INFO] Error logging system initialized
[02-Oct-2025 21:17:22 UTC] SmartApply [INFO] Error logging system initialized
[2025-10-02 21:19:49] [INFO] Error logging system initialized
[02-Oct-2025 21:19:49 UTC] SmartApply [INFO] Error logging system initialized
[2025-10-02 21:21:44] [INFO] Error logging system initialized
[02-Oct-2025 21:21:44 UTC] SmartApply [INFO] Error logging system initialized
[2025-10-02 21:22:05] [INFO] Error logging system initialized
[02-Oct-2025 21:22:05 UTC] SmartApply [INFO] Error logging system initialized
[2025-10-02 21:23:28] [INFO] Error logging system initialized
[02-Oct-2025 21:23:28 UTC] SmartApply [INFO] Error logging system initialized
[2025-10-02 21:24:40] [INFO] Error logging system initialized
[02-Oct-2025 21:24:40 UTC] SmartApply [INFO] Error logging system initialized
[2025-10-02 21:25:36] [INFO] Error logging system initialized
[02-Oct-2025 21:25:36 UTC] SmartApply [INFO] Error logging system initialized
[2025-10-02 21:25:37] [INFO] Error logging system initialized
[02-Oct-2025 21:25:37 UTC] SmartApply [INFO] Error logging system initialized
[2025-10-02 21:25:39] [INFO] Error logging system initialized
[02-Oct-2025 21:25:39 UTC] SmartApply [INFO] Error logging system initialized
[2025-10-02 21:25:47] [INFO] Error logging system initialized
[02-Oct-2025 21:25:47 UTC] SmartApply [INFO] Error logging system initialized
[2025-10-02 21:32:43] [INFO] Error logging system initialized
[02-Oct-2025 21:32:43 UTC] SmartApply [INFO] Error logging system initialized
[2025-10-02 21:32:44] [INFO] Error logging system initialized
[02-Oct-2025 21:32:44 UTC] SmartApply [INFO] Error logging system initialized
[2025-10-02 21:32:44] [INFO] Error logging system initialized
[02-Oct-2025 21:32:44 UTC] SmartApply [INFO] Error logging system initialized
[2025-10-02 21:32:45] [INFO] Error logging system initialized
[02-Oct-2025 21:32:45 UTC] SmartApply [INFO] Error logging system initialized
[2025-10-02 21:32:46] [INFO] Error logging system initialized
[02-Oct-2025 21:32:46 UTC] SmartApply [INFO] Error logging system initialized
[2025-10-02 21:32:46] [INFO] Error logging system initialized
[02-Oct-2025 21:32:46 UTC] SmartApply [INFO] Error logging system initialized
[2025-10-02 21:32:47] [INFO] Error logging system initialized
[02-Oct-2025 21:32:47 UTC] SmartApply [INFO] Error logging system initialized
[2025-10-02 21:32:48] [INFO] Error logging system initialized
[02-Oct-2025 21:32:48 UTC] SmartApply [INFO] Error logging system initialized
[2025-10-02 21:32:48] [INFO] Error logging system initialized
[02-Oct-2025 21:32:48 UTC] SmartApply [INFO] Error logging system initialized
[2025-10-02 21:32:48] [INFO] Error logging system initialized
[02-Oct-2025 21:32:48 UTC] SmartApply [INFO] Error logging system initialized
[2025-10-02 21:32:49] [INFO] Error logging system initialized
[02-Oct-2025 21:32:49 UTC] SmartApply [INFO] Error logging system initialized
[2025-10-02 21:32:50] [INFO] Error logging system initialized
[02-Oct-2025 21:32:50 UTC] SmartApply [INFO] Error logging system initialized
[2025-10-02 21:32:50] [INFO] Error logging system initialized
[02-Oct-2025 21:32:50 UTC] SmartApply [INFO] Error logging system initialized
[2025-10-02 21:32:52] [INFO] Error logging system initialized
[02-Oct-2025 21:32:52 UTC] SmartApply [INFO] Error logging system initialized
[2025-10-02 21:32:52] [INFO] Error logging system initialized
[02-Oct-2025 21:32:52 UTC] SmartApply [INFO] Error logging system initialized
[2025-10-02 21:32:53] [INFO] Error logging system initialized
[02-Oct-2025 21:32:53 UTC] SmartApply [INFO] Error logging system initialized
[2025-10-02 21:37:28] [INFO] Error logging system initialized
[02-Oct-2025 21:37:28 UTC] SmartApply [INFO] Error logging system initialized
[2025-10-02 21:42:15] [INFO] Error logging system initialized
[02-Oct-2025 21:42:15 UTC] SmartApply [INFO] Error logging system initialized
[2025-10-02 21:44:03] [INFO] Error logging system initialized
[02-Oct-2025 21:44:03 UTC] SmartApply [INFO] Error logging system initialized
[2025-10-02 21:44:04] [INFO] Error logging system initialized
[02-Oct-2025 21:44:04 UTC] SmartApply [INFO] Error logging system initialized
[2025-10-02 21:44:08] [INFO] Error logging system initialized
[02-Oct-2025 21:44:08 UTC] SmartApply [INFO] Error logging system initialized
[2025-10-02 21:44:14] [INFO] Error logging system initialized
[02-Oct-2025 21:44:14 UTC] SmartApply [INFO] Error logging system initialized
[2025-10-02 23:41:04] [INFO] Error logging system initialized
[02-Oct-2025 23:41:04 UTC] SmartApply [INFO] Error logging system initialized
[2025-10-02 23:41:10] [INFO] Error logging system initialized
[02-Oct-2025 23:41:10 UTC] SmartApply [INFO] Error logging system initialized
[2025-10-03 00:59:57] [INFO] Error logging system initialized
[03-Oct-2025 00:59:57 UTC] SmartApply [INFO] Error logging system initialized
[2025-10-03 01:30:50] [INFO] Error logging system initialized
[03-Oct-2025 01:30:50 UTC] SmartApply [INFO] Error logging system initialized
[2025-10-03 04:05:41] [INFO] Error logging system initialized
[03-Oct-2025 04:05:41 UTC] SmartApply [INFO] Error logging system initialized
[2025-10-03 04:52:02] [INFO] Error logging system initialized
[03-Oct-2025 04:52:02 UTC] SmartApply [INFO] Error logging system initialized
[2025-10-03 04:52:02] [API_ERROR] Invalid login attempt | Context: {"endpoint":"admin\/login","request_method":"POST","request_data":{"attempted_username":"farukdesk","ip_address":"2a02:6b67:d3a4:d500:7381:7a4b:5b1d:9510"},"user_agent":"Mozilla\/5.0 (Windows NT 10.0; Win64; x64) AppleWebKit\/537.36 (KHTML, like Gecko) Chrome\/140.0.0.0 Safari\/537.36","ip_address":"2a02:6b67:d3a4:d500:7381:7a4b:5b1d:9510"}
[03-Oct-2025 04:52:02 UTC] SmartApply [API_ERROR] Invalid login attempt
[2025-10-03 04:52:02] [INFO] Error logging system initialized
[03-Oct-2025 04:52:02 UTC] SmartApply [INFO] Error logging system initialized
[2025-10-03 04:52:02] [API_ERROR] Invalid login attempt | Context: {"endpoint":"admin\/login","request_method":"POST","request_data":{"attempted_username":"farukdesk","ip_address":"2a02:6b67:d3a4:d500:7381:7a4b:5b1d:9510"},"user_agent":"Mozilla\/5.0 (Windows NT 10.0; Win64; x64) AppleWebKit\/537.36 (KHTML, like Gecko) Chrome\/140.0.0.0 Safari\/537.36","ip_address":"2a02:6b67:d3a4:d500:7381:7a4b:5b1d:9510"}
[03-Oct-2025 04:52:02 UTC] SmartApply [API_ERROR] Invalid login attempt
[2025-10-03 04:52:05] [INFO] Error logging system initialized
[03-Oct-2025 04:52:05 UTC] SmartApply [INFO] Error logging system initialized
[2025-10-03 05:01:18] [INFO] Error logging system initialized
[03-Oct-2025 05:01:18 UTC] SmartApply [INFO] Error logging system initialized
